<?xml version="1.0" encoding="UTF-8"?>
<!-- Generated by org.testng.reporters.JUnitReportReporter -->
<testsuite hostname="vasu-PC" name="com.vasu.testng.BranchCreationTest" tests="2" failures="0" timestamp="22 Jan 2020 09:25:16 GMT" time="40.659" errors="0">
  <testcase name="branchCreation" time="18.338" classname="com.vasu.testng.BranchCreationTest"/>
  <testcase name="branchCreation" time="22.321" classname="com.vasu.testng.BranchCreationTest"/>
</testsuite> <!-- com.vasu.testng.BranchCreationTest -->
