<?xml version="1.0" encoding="UTF-8"?>
<!-- Generated by org.testng.reporters.JUnitReportReporter -->
<testsuite hostname="vasu-PC" name="com.vasu.testng.AnnotationTest1" tests="2" failures="0" timestamp="20 Jan 2020 09:14:44 GMT" time="0.030" errors="0">
  <testcase name="method1" time="0.021" classname="com.vasu.testng.AnnotationTest1"/>
  <testcase name="method2" time="0.009" classname="com.vasu.testng.AnnotationTest1"/>
</testsuite> <!-- com.vasu.testng.AnnotationTest1 -->
