<?xml version="1.0" encoding="UTF-8"?>
<!-- Generated by org.testng.reporters.JUnitReportReporter -->
<testsuite hostname="vasu-PC" name="com.vasu.testng.FirstTestNG" tests="1" failures="0" timestamp="20 Jan 2020 09:14:44 GMT" time="0.002" errors="0">
  <testcase name="sample" time="0.002" classname="com.vasu.testng.FirstTestNG"/>
</testsuite> <!-- com.vasu.testng.FirstTestNG -->
