<?xml version="1.0" encoding="UTF-8"?>
<!-- Generated by org.testng.reporters.JUnitReportReporter -->
<testsuite hostname="vasu-PC" name="com.vasu.testng.MultipleTestNgTest" tests="3" failures="0" timestamp="20 Jan 2020 09:14:44 GMT" time="0.005" errors="0">
  <testcase name="appLogin" time="0.002" classname="com.vasu.testng.MultipleTestNgTest"/>
  <testcase name="appLaunch" time="0.001" classname="com.vasu.testng.MultipleTestNgTest"/>
  <testcase name="appClose" time="0.002" classname="com.vasu.testng.MultipleTestNgTest"/>
</testsuite> <!-- com.vasu.testng.MultipleTestNgTest -->
