<?xml version="1.0" encoding="UTF-8"?>
<!-- Generated by org.testng.reporters.JUnitReportReporter -->
<testsuite hostname="vasu-PC" name="com.vasu.testng.ValidationTest" tests="1" failures="0" timestamp="22 Jan 2020 09:10:58 GMT" time="0.040" errors="0">
  <testcase name="validation" time="0.040" classname="com.vasu.testng.ValidationTest"/>
</testsuite> <!-- com.vasu.testng.ValidationTest -->
