<?xml version="1.0" encoding="UTF-8"?>
<!-- Generated by org.testng.reporters.JUnitReportReporter -->
<testsuite hostname="vasu-PC" name="com.vasu.testng.ParameterizationTest" tests="2" failures="0" timestamp="22 Jan 2020 09:21:41 GMT" time="0.028" errors="0">
  <testcase name="sample" time="0.001" classname="com.vasu.testng.ParameterizationTest"/>
  <testcase name="sample" time="0.027" classname="com.vasu.testng.ParameterizationTest"/>
</testsuite> <!-- com.vasu.testng.ParameterizationTest -->
